<?xml version="1.0" encoding="UTF-8"?>
<testsuite xmlns:xsi="http://www.w3.org/2001/XMLSchema-instance" xsi:noNamespaceSchemaLocation="https://maven.apache.org/surefire/maven-surefire-plugin/xsd/surefire-test-report-3.0.xsd" version="3.0" name="tech.coderonin.bnm.senangkira.RoundingTest" time="0.163" tests="10" errors="0" skipped="0" failures="0">
  <properties>
[...]
</properties>
  <testcase name="defaultTest[No Rounding]" classname="tech.coderonin.bnm.senangkira.RoundingTest" time="0.023">
    <system-out><![CDATA[No Rounding	:	82.00	->	82.00
]]></system-out>
  </testcase>
  <testcase name="defaultTest[No Rounding]" classname="tech.coderonin.bnm.senangkira.RoundingTest" time="0.001">
    <system-out><![CDATA[No Rounding	:	82.05	->	82.05
]]></system-out>
  </testcase>
  <testcase name="defaultTest[Round Down 5]" classname="tech.coderonin.bnm.senangkira.RoundingTest" time="0.002">
    <system-out><![CDATA[Round Down 5	:	100.01	->	100.00
]]></system-out>
  </testcase>
  <testcase name="defaultTest[Round Down 5]" classname="tech.coderonin.bnm.senangkira.RoundingTest" time="0.0">
    <system-out><![CDATA[Round Down 5	:	1928.02	->	1928.00
]]></system-out>
  </testcase>
  <testcase name="defaultTest[Round Down 5]" classname="tech.coderonin.bnm.senangkira.RoundingTest" time="0.001">
    <system-out><![CDATA[Round Down 5	:	100.27	->	100.25
]]></system-out>
  </testcase>
  <testcase name="defaultTest[Round Down 5]" classname="tech.coderonin.bnm.senangkira.RoundingTest" time="0.001">
    <system-out><![CDATA[Round Down 5	:	1928.96	->	1928.95
]]></system-out>
  </testcase>
  <testcase name="defaultTest[Round Up 5]" classname="tech.coderonin.bnm.senangkira.RoundingTest" time="0.001">
    <system-out><![CDATA[Round Up 5	:	100.23	->	100.25
]]></system-out>
  </testcase>
  <testcase name="defaultTest[Round Up 5]" classname="tech.coderonin.bnm.senangkira.RoundingTest" time="0.001">
    <system-out><![CDATA[Round Up 5	:	1928.94	->	1928.95
]]></system-out>
  </testcase>
  <testcase name="defaultTest[Round Up 10]" classname="tech.coderonin.bnm.senangkira.RoundingTest" time="0.001">
    <system-out><![CDATA[Round Up 10	:	1928.98	->	1929.00
]]></system-out>
  </testcase>
  <testcase name="defaultTest[Round Up 10]" classname="tech.coderonin.bnm.senangkira.RoundingTest" time="0.001">
    <system-out><![CDATA[Round Up 10	:	1928.99	->	1929.00
]]></system-out>
  </testcase>
</testsuite>